# JRE version: OpenJDK Runtime Environment Temurin-17.0.11+9 (17.0.11+9) (build 17.0.11+9)
# Java VM: OpenJDK 64-Bit Server VM Temurin-17.0.11+9 (17.0.11+9, mixed mode, tiered, compressed oops, compressed class ptrs, g1 gc, windows-amd64)
GC Precious Log:
 CPUs: 16 total, 16 available
 Memory: 16088M
 Large Page Support: Disabled
 NUMA Support: Disabled
 Compressed Oops: Enabled (Zero based)
 Heap Region Size: 2M
 Heap Min Capacity: 8M
 Heap Initial Capacity: 252M
 Heap Max Capacity: 4G
 Pre-touch: Disabled
 Parallel Workers: 13
 Concurrent Workers: 3
 Concurrent Refinement Workers: 13
 Periodic GC: Disabled
Heap:
 garbage-first heap   total 184320K, used 142783K [0x0000000700000000, 0x0000000800000000)
  region size 2048K, 24 young (49152K), 3 survivors (6144K)
 Metaspace       used 98811K, committed 99840K, reserved 1179648K
  class space    used 13671K, committed 14144K, reserved 1048576K
GC Heap History (20 events):
Event: 39.333 GC heap before
{Heap before GC invocations=42 (full 0):
 garbage-first heap   total 141312K, used 112349K [0x0000000700000000, 0x0000000800000000)
  region size 2048K, 19 young (38912K), 3 survivors (6144K)
 Metaspace       used 82145K, committed 83008K, reserved 1179648K
  class space    used 11128K, committed 11520K, reserved 1048576K
}
Event: 39.337 GC heap after
{Heap after GC invocations=43 (full 0):
 garbage-first heap   total 141312K, used 80159K [0x0000000700000000, 0x0000000800000000)
  region size 2048K, 2 young (4096K), 2 survivors (4096K)
 Metaspace       used 82145K, committed 83008K, reserved 1179648K
  class space    used 11128K, committed 11520K, reserved 1048576K
}
Event: 40.035 GC heap before
{Heap before GC invocations=44 (full 0):
 garbage-first heap   total 147456K, used 110879K [0x0000000700000000, 0x0000000800000000)
  region size 2048K, 17 young (34816K), 2 survivors (4096K)
 Metaspace       used 83456K, committed 84352K, reserved 1179648K
  class space    used 11300K, committed 11712K, reserved 1048576K
}
Event: 40.040 GC heap after
{Heap after GC invocations=45 (full 0):
 garbage-first heap   total 147456K, used 82112K [0x0000000700000000, 0x0000000800000000)
  region size 2048K, 2 young (4096K), 2 survivors (4096K)
 Metaspace       used 83456K, committed 84352K, reserved 1179648K
  class space    used 11300K, committed 11712K, reserved 1048576K
}
Event: 40.081 GC heap before
{Heap before GC invocations=45 (full 0):
 garbage-first heap   total 147456K, used 84160K [0x0000000700000000, 0x0000000800000000)
  region size 2048K, 3 young (6144K), 2 survivors (4096K)
 Metaspace       used 83622K, committed 84480K, reserved 1179648K
  class space    used 11330K, committed 11712K, reserved 1048576K
}
Event: 40.086 GC heap after
{Heap after GC invocations=46 (full 0):
 garbage-first heap   total 147456K, used 82540K [0x0000000700000000, 0x0000000800000000)
  region size 2048K, 1 young (2048K), 1 survivors (2048K)
 Metaspace       used 83622K, committed 84480K, reserved 1179648K
  class space    used 11330K, committed 11712K, reserved 1048576K
}
Event: 40.851 GC heap before
{Heap before GC invocations=46 (full 0):
 garbage-first heap   total 147456K, used 119404K [0x0000000700000000, 0x0000000800000000)
  region size 2048K, 19 young (38912K), 1 survivors (2048K)
 Metaspace       used 87024K, committed 87936K, reserved 1179648K
  class space    used 11970K, committed 12416K, reserved 1048576K
}
Event: 40.854 GC heap after
{Heap after GC invocations=47 (full 0):
 garbage-first heap   total 178176K, used 84194K [0x0000000700000000, 0x0000000800000000)
  region size 2048K, 2 young (4096K), 2 survivors (4096K)
 Metaspace       used 87024K, committed 87936K, reserved 1179648K
  class space    used 11970K, committed 12416K, reserved 1048576K
}
Event: 41.743 GC heap before
{Heap before GC invocations=48 (full 0):
 garbage-first heap   total 178176K, used 143586K [0x0000000700000000, 0x0000000800000000)
  region size 2048K, 31 young (63488K), 2 survivors (4096K)
 Metaspace       used 89347K, committed 90240K, reserved 1179648K
  class space    used 12292K, committed 12736K, reserved 1048576K
}
Event: 41.748 GC heap after
{Heap after GC invocations=49 (full 0):
 garbage-first heap   total 178176K, used 89876K [0x0000000700000000, 0x0000000800000000)
  region size 2048K, 4 young (8192K), 4 survivors (8192K)
 Metaspace       used 89347K, committed 90240K, reserved 1179648K
  class space    used 12292K, committed 12736K, reserved 1048576K
}
Event: 41.775 GC heap before
{Heap before GC invocations=49 (full 0):
 garbage-first heap   total 178176K, used 91924K [0x0000000700000000, 0x0000000800000000)
  region size 2048K, 5 young (10240K), 4 survivors (8192K)
 Metaspace       used 89359K, committed 90240K, reserved 1179648K
  class space    used 12294K, committed 12736K, reserved 1048576K
}
Event: 41.785 GC heap after
{Heap after GC invocations=50 (full 0):
 garbage-first heap   total 178176K, used 90664K [0x0000000700000000, 0x0000000800000000)
  region size 2048K, 1 young (2048K), 1 survivors (2048K)
 Metaspace       used 89359K, committed 90240K, reserved 1179648K
  class space    used 12294K, committed 12736K, reserved 1048576K
}
Event: 42.960 GC heap before
{Heap before GC invocations=50 (full 0):
 garbage-first heap   total 178176K, used 143912K [0x0000000700000000, 0x0000000800000000)
  region size 2048K, 27 young (55296K), 1 survivors (2048K)
 Metaspace       used 91540K, committed 92480K, reserved 1179648K
  class space    used 12629K, committed 13056K, reserved 1048576K
}
Event: 42.964 GC heap after
{Heap after GC invocations=51 (full 0):
 garbage-first heap   total 178176K, used 95279K [0x0000000700000000, 0x0000000800000000)
  region size 2048K, 3 young (6144K), 3 survivors (6144K)
 Metaspace       used 91540K, committed 92480K, reserved 1179648K
  class space    used 12629K, committed 13056K, reserved 1048576K
}
Event: 44.275 GC heap before
{Heap before GC invocations=52 (full 0):
 garbage-first heap   total 178176K, used 144431K [0x0000000700000000, 0x0000000800000000)
  region size 2048K, 27 young (55296K), 3 survivors (6144K)
 Metaspace       used 94444K, committed 95424K, reserved 1179648K
  class space    used 13049K, committed 13504K, reserved 1048576K
}
Event: 44.282 GC heap after
{Heap after GC invocations=53 (full 0):
 garbage-first heap   total 178176K, used 98364K [0x0000000700000000, 0x0000000800000000)
  region size 2048K, 2 young (4096K), 2 survivors (4096K)
 Metaspace       used 94444K, committed 95424K, reserved 1179648K
  class space    used 13049K, committed 13504K, reserved 1048576K
}
Event: 44.376 GC heap before
{Heap before GC invocations=53 (full 0):
 garbage-first heap   total 178176K, used 102460K [0x0000000700000000, 0x0000000800000000)
  region size 2048K, 4 young (8192K), 2 survivors (4096K)
 Metaspace       used 94764K, committed 95744K, reserved 1179648K
  class space    used 13081K, committed 13568K, reserved 1048576K
}
Event: 44.381 GC heap after
{Heap after GC invocations=54 (full 0):
 garbage-first heap   total 178176K, used 98365K [0x0000000700000000, 0x0000000800000000)
  region size 2048K, 1 young (2048K), 1 survivors (2048K)
 Metaspace       used 94764K, committed 95744K, reserved 1179648K
  class space    used 13081K, committed 13568K, reserved 1048576K
}
Event: 45.246 GC heap before
{Heap before GC invocations=54 (full 0):
 garbage-first heap   total 178176K, used 145469K [0x0000000700000000, 0x0000000800000000)
  region size 2048K, 24 young (49152K), 1 survivors (2048K)
 Metaspace       used 97368K, committed 98368K, reserved 1179648K
  class space    used 13455K, committed 13888K, reserved 1048576K
}
Event: 45.250 GC heap after
{Heap after GC invocations=55 (full 0):
 garbage-first heap   total 178176K, used 101823K [0x0000000700000000, 0x0000000800000000)
  region size 2048K, 3 young (6144K), 3 survivors (6144K)
 Metaspace       used 97368K, committed 98368K, reserved 1179648K
  class space    used 13455K, committed 13888K, reserved 1048576K
}

